# JRE version: Java(TM) SE Runtime Environment (21.0.7+8) (build 21.0.7+8-LTS-245)
# Java VM: Java HotSpot(TM) 64-Bit Server VM (21.0.7+8-LTS-245, mixed mode, sharing, tiered, compressed oops, compressed class ptrs, g1 gc, windows-amd64)
GC Precious Log:
 CardTable entry size: 512
 Card Set container configuration: InlinePtr #cards 4 size 8 Array Of Cards #cards 16 size 48 Howl #buckets 8 coarsen threshold 3686 Howl Bitmap #cards 512 size 80 coarsen threshold 460 Card regions per heap region 1 cards per card region 4096
 CPUs: 12 total, 12 available
 Memory: 16110M
 Large Page Support: Disabled
 NUMA Support: Disabled
 Compressed Oops: Enabled (Zero based)
 Heap Region Size: 2M
 Heap Min Capacity: 8M
 Heap Initial Capacity: 252M
 Heap Max Capacity: 4028M
 Pre-touch: Disabled
 Parallel Workers: 10
 Concurrent Workers: 3
 Concurrent Refinement Workers: 10
 Periodic GC: Disabled
Heap:
 garbage-first heap   total 98304K, used 43803K [0x0000000704400000, 0x0000000800000000)
  region size 2048K, 3 young (6144K), 1 survivors (2048K)
 Metaspace       used 84337K, committed 85120K, reserved 1179648K
  class space    used 10885K, committed 11264K, reserved 1048576K
GC Heap History (20 events):
Event: 312.412 GC heap before
{Heap before GC invocations=36 (full 0):
 garbage-first heap   total 98304K, used 87198K [0x0000000704400000, 0x0000000800000000)
  region size 2048K, 23 young (47104K), 1 survivors (2048K)
 Metaspace       used 84325K, committed 85120K, reserved 1179648K
  class space    used 10884K, committed 11264K, reserved 1048576K
}
Event: 312.415 GC heap after
{Heap after GC invocations=37 (full 0):
 garbage-first heap   total 98304K, used 41809K [0x0000000704400000, 0x0000000800000000)
  region size 2048K, 1 young (2048K), 1 survivors (2048K)
 Metaspace       used 84325K, committed 85120K, reserved 1179648K
  class space    used 10884K, committed 11264K, reserved 1048576K
}
Event: 313.792 GC heap before
{Heap before GC invocations=37 (full 0):
 garbage-first heap   total 98304K, used 86865K [0x0000000704400000, 0x0000000800000000)
  region size 2048K, 23 young (47104K), 1 survivors (2048K)
 Metaspace       used 84325K, committed 85120K, reserved 1179648K
  class space    used 10884K, committed 11264K, reserved 1048576K
}
Event: 313.793 GC heap after
{Heap after GC invocations=38 (full 0):
 garbage-first heap   total 98304K, used 41992K [0x0000000704400000, 0x0000000800000000)
  region size 2048K, 1 young (2048K), 1 survivors (2048K)
 Metaspace       used 84325K, committed 85120K, reserved 1179648K
  class space    used 10884K, committed 11264K, reserved 1048576K
}
Event: 315.075 GC heap before
{Heap before GC invocations=39 (full 0):
 garbage-first heap   total 98304K, used 87048K [0x0000000704400000, 0x0000000800000000)
  region size 2048K, 23 young (47104K), 1 survivors (2048K)
 Metaspace       used 84327K, committed 85120K, reserved 1179648K
  class space    used 10884K, committed 11264K, reserved 1048576K
}
Event: 315.076 GC heap after
{Heap after GC invocations=40 (full 0):
 garbage-first heap   total 98304K, used 42051K [0x0000000704400000, 0x0000000800000000)
  region size 2048K, 1 young (2048K), 1 survivors (2048K)
 Metaspace       used 84327K, committed 85120K, reserved 1179648K
  class space    used 10884K, committed 11264K, reserved 1048576K
}
Event: 316.326 GC heap before
{Heap before GC invocations=40 (full 0):
 garbage-first heap   total 98304K, used 87107K [0x0000000704400000, 0x0000000800000000)
  region size 2048K, 23 young (47104K), 1 survivors (2048K)
 Metaspace       used 84332K, committed 85120K, reserved 1179648K
  class space    used 10884K, committed 11264K, reserved 1048576K
}
Event: 316.328 GC heap after
{Heap after GC invocations=41 (full 0):
 garbage-first heap   total 98304K, used 41770K [0x0000000704400000, 0x0000000800000000)
  region size 2048K, 1 young (2048K), 1 survivors (2048K)
 Metaspace       used 84332K, committed 85120K, reserved 1179648K
  class space    used 10884K, committed 11264K, reserved 1048576K
}
Event: 317.610 GC heap before
{Heap before GC invocations=41 (full 0):
 garbage-first heap   total 98304K, used 86826K [0x0000000704400000, 0x0000000800000000)
  region size 2048K, 23 young (47104K), 1 survivors (2048K)
 Metaspace       used 84333K, committed 85120K, reserved 1179648K
  class space    used 10884K, committed 11264K, reserved 1048576K
}
Event: 317.611 GC heap after
{Heap after GC invocations=42 (full 0):
 garbage-first heap   total 98304K, used 41993K [0x0000000704400000, 0x0000000800000000)
  region size 2048K, 1 young (2048K), 1 survivors (2048K)
 Metaspace       used 84333K, committed 85120K, reserved 1179648K
  class space    used 10884K, committed 11264K, reserved 1048576K
}
Event: 318.789 GC heap before
{Heap before GC invocations=43 (full 0):
 garbage-first heap   total 98304K, used 87049K [0x0000000704400000, 0x0000000800000000)
  region size 2048K, 23 young (47104K), 1 survivors (2048K)
 Metaspace       used 84333K, committed 85120K, reserved 1179648K
  class space    used 10884K, committed 11264K, reserved 1048576K
}
Event: 318.790 GC heap after
{Heap after GC invocations=44 (full 0):
 garbage-first heap   total 98304K, used 42041K [0x0000000704400000, 0x0000000800000000)
  region size 2048K, 1 young (2048K), 1 survivors (2048K)
 Metaspace       used 84333K, committed 85120K, reserved 1179648K
  class space    used 10884K, committed 11264K, reserved 1048576K
}
Event: 320.026 GC heap before
{Heap before GC invocations=44 (full 0):
 garbage-first heap   total 98304K, used 87097K [0x0000000704400000, 0x0000000800000000)
  region size 2048K, 23 young (47104K), 1 survivors (2048K)
 Metaspace       used 84333K, committed 85120K, reserved 1179648K
  class space    used 10884K, committed 11264K, reserved 1048576K
}
Event: 320.028 GC heap after
{Heap after GC invocations=45 (full 0):
 garbage-first heap   total 98304K, used 41808K [0x0000000704400000, 0x0000000800000000)
  region size 2048K, 1 young (2048K), 1 survivors (2048K)
 Metaspace       used 84333K, committed 85120K, reserved 1179648K
  class space    used 10884K, committed 11264K, reserved 1048576K
}
Event: 321.116 GC heap before
{Heap before GC invocations=45 (full 0):
 garbage-first heap   total 98304K, used 86864K [0x0000000704400000, 0x0000000800000000)
  region size 2048K, 23 young (47104K), 1 survivors (2048K)
 Metaspace       used 84335K, committed 85120K, reserved 1179648K
  class space    used 10885K, committed 11264K, reserved 1048576K
}
Event: 321.117 GC heap after
{Heap after GC invocations=46 (full 0):
 garbage-first heap   total 98304K, used 42012K [0x0000000704400000, 0x0000000800000000)
  region size 2048K, 1 young (2048K), 1 survivors (2048K)
 Metaspace       used 84335K, committed 85120K, reserved 1179648K
  class space    used 10885K, committed 11264K, reserved 1048576K
}
Event: 322.203 GC heap before
{Heap before GC invocations=47 (full 0):
 garbage-first heap   total 98304K, used 87068K [0x0000000704400000, 0x0000000800000000)
  region size 2048K, 23 young (47104K), 1 survivors (2048K)
 Metaspace       used 84335K, committed 85120K, reserved 1179648K
  class space    used 10885K, committed 11264K, reserved 1048576K
}
Event: 322.204 GC heap after
{Heap after GC invocations=48 (full 0):
 garbage-first heap   total 98304K, used 42044K [0x0000000704400000, 0x0000000800000000)
  region size 2048K, 1 young (2048K), 1 survivors (2048K)
 Metaspace       used 84335K, committed 85120K, reserved 1179648K
  class space    used 10885K, committed 11264K, reserved 1048576K
}
Event: 324.171 GC heap before
{Heap before GC invocations=48 (full 0):
 garbage-first heap   total 98304K, used 87100K [0x0000000704400000, 0x0000000800000000)
  region size 2048K, 23 young (47104K), 1 survivors (2048K)
 Metaspace       used 84337K, committed 85120K, reserved 1179648K
  class space    used 10885K, committed 11264K, reserved 1048576K
}
Event: 324.173 GC heap after
{Heap after GC invocations=49 (full 0):
 garbage-first heap   total 98304K, used 41755K [0x0000000704400000, 0x0000000800000000)
  region size 2048K, 1 young (2048K), 1 survivors (2048K)
 Metaspace       used 84337K, committed 85120K, reserved 1179648K
  class space    used 10885K, committed 11264K, reserved 1048576K
}

